<?xml version="1.0" encoding="UTF-8"?>
<testsuite xmlns:xsi="http://www.w3.org/2001/XMLSchema-instance" xsi:noNamespaceSchemaLocation="https://maven.apache.org/surefire/maven-surefire-plugin/xsd/surefire-test-report.xsd" name="com.ay.test.AyUserDaoTest" time="0.043" tests="1" errors="1" skipped="0" failures="0">
  <properties>
    <property name="sun.desktop" value="windows"/>
    <property name="awt.toolkit" value="sun.awt.windows.WToolkit"/>
    <property name="file.encoding.pkg" value="sun.io"/>
    <property name="java.specification.version" value="1.8"/>
    <property name="sun.cpu.isalist" value="amd64"/>
    <property name="sun.jnu.encoding" value="GBK"/>
    <property name="java.class.path" value="D:\Program\GitRepository\md_note\Java\Project\book\target\test-classes;D:\Program\GitRepository\md_note\Java\Project\book\target\classes;C:\Users\sofice\.m2\repository\org\springframework\spring-core\5.0.4.RELEASE\spring-core-5.0.4.RELEASE.jar;C:\Users\sofice\.m2\repository\org\springframework\spring-jcl\5.0.4.RELEASE\spring-jcl-5.0.4.RELEASE.jar;C:\Users\sofice\.m2\repository\org\springframework\spring-beans\5.0.4.RELEASE\spring-beans-5.0.4.RELEASE.jar;C:\Users\sofice\.m2\repository\org\springframework\spring-context\5.0.4.RELEASE\spring-context-5.0.4.RELEASE.jar;C:\Users\sofice\.m2\repository\org\springframework\spring-context-support\5.0.4.RELEASE\spring-context-support-5.0.4.RELEASE.jar;C:\Users\sofice\.m2\repository\org\springframework\spring-aop\5.0.4.RELEASE\spring-aop-5.0.4.RELEASE.jar;C:\Users\sofice\.m2\repository\org\springframework\spring-aspects\5.0.4.RELEASE\spring-aspects-5.0.4.RELEASE.jar;C:\Users\sofice\.m2\repository\org\aspectj\aspectjweaver\1.8.13\aspectjweaver-1.8.13.jar;C:\Users\sofice\.m2\repository\org\springframework\spring-expression\5.0.4.RELEASE\spring-expression-5.0.4.RELEASE.jar;C:\Users\sofice\.m2\repository\org\springframework\spring-tx\5.0.4.RELEASE\spring-tx-5.0.4.RELEASE.jar;C:\Users\sofice\.m2\repository\org\springframework\spring-test\5.0.4.RELEASE\spring-test-5.0.4.RELEASE.jar;C:\Users\sofice\.m2\repository\org\springframework\spring-web\5.0.4.RELEASE\spring-web-5.0.4.RELEASE.jar;C:\Users\sofice\.m2\repository\jstl\jstl\1.2\jstl-1.2.jar;C:\Users\sofice\.m2\repository\javax\servlet\javax.servlet-api\4.0.0\javax.servlet-api-4.0.0.jar;C:\Users\sofice\.m2\repository\org\springframework\spring-webmvc\5.0.4.RELEASE\spring-webmvc-5.0.4.RELEASE.jar;C:\Users\sofice\.m2\repository\mysql\mysql-connector-java\8.0.9-rc\mysql-connector-java-8.0.9-rc.jar;C:\Users\sofice\.m2\repository\com\alibaba\druid\1.1.9\druid-1.1.9.jar;C:\Users\sofice\.m2\repository\org\springframework\spring-jdbc\5.0.4.RELEASE\spring-jdbc-5.0.4.RELEASE.jar;C:\Users\sofice\.m2\repository\org\mybatis\mybatis\3.4.6\mybatis-3.4.6.jar;C:\Users\sofice\.m2\repository\org\mybatis\mybatis-spring\1.3.2\mybatis-spring-1.3.2.jar;C:\Users\sofice\.m2\repository\log4j\log4j\1.2.17\log4j-1.2.17.jar;C:\Users\sofice\.m2\repository\org\slf4j\slf4j-api\1.7.25\slf4j-api-1.7.25.jar;C:\Users\sofice\.m2\repository\org\slf4j\slf4j-log4j12\1.7.25\slf4j-log4j12-1.7.25.jar;C:\Users\sofice\.m2\repository\junit\junit\4.12\junit-4.12.jar;C:\Users\sofice\.m2\repository\org\hamcrest\hamcrest-core\1.3\hamcrest-core-1.3.jar;"/>
    <property name="java.vm.vendor" value="Oracle Corporation"/>
    <property name="sun.arch.data.model" value="64"/>
    <property name="user.variant" value=""/>
    <property name="java.vendor.url" value="http://java.oracle.com/"/>
    <property name="user.timezone" value="Asia/Shanghai"/>
    <property name="java.vm.specification.version" value="1.8"/>
    <property name="os.name" value="Windows 10"/>
    <property name="user.country" value="CN"/>
    <property name="sun.java.launcher" value="SUN_STANDARD"/>
    <property name="sun.boot.library.path" value="D:\ProgramFiles\Java\jdk1.8.0_281\jre\bin"/>
    <property name="sun.java.command" value="C:\Users\sofice\AppData\Local\Temp\surefire1053442666822281725\surefirebooter1691491234977895484.jar C:\Users\sofice\AppData\Local\Temp\surefire1053442666822281725 2021-04-13T10-50-15_827-jvmRun1 surefire909737127101442878tmp surefire_02600169850434531055tmp"/>
    <property name="surefire.test.class.path" value="D:\Program\GitRepository\md_note\Java\Project\book\target\test-classes;D:\Program\GitRepository\md_note\Java\Project\book\target\classes;C:\Users\sofice\.m2\repository\org\springframework\spring-core\5.0.4.RELEASE\spring-core-5.0.4.RELEASE.jar;C:\Users\sofice\.m2\repository\org\springframework\spring-jcl\5.0.4.RELEASE\spring-jcl-5.0.4.RELEASE.jar;C:\Users\sofice\.m2\repository\org\springframework\spring-beans\5.0.4.RELEASE\spring-beans-5.0.4.RELEASE.jar;C:\Users\sofice\.m2\repository\org\springframework\spring-context\5.0.4.RELEASE\spring-context-5.0.4.RELEASE.jar;C:\Users\sofice\.m2\repository\org\springframework\spring-context-support\5.0.4.RELEASE\spring-context-support-5.0.4.RELEASE.jar;C:\Users\sofice\.m2\repository\org\springframework\spring-aop\5.0.4.RELEASE\spring-aop-5.0.4.RELEASE.jar;C:\Users\sofice\.m2\repository\org\springframework\spring-aspects\5.0.4.RELEASE\spring-aspects-5.0.4.RELEASE.jar;C:\Users\sofice\.m2\repository\org\aspectj\aspectjweaver\1.8.13\aspectjweaver-1.8.13.jar;C:\Users\sofice\.m2\repository\org\springframework\spring-expression\5.0.4.RELEASE\spring-expression-5.0.4.RELEASE.jar;C:\Users\sofice\.m2\repository\org\springframework\spring-tx\5.0.4.RELEASE\spring-tx-5.0.4.RELEASE.jar;C:\Users\sofice\.m2\repository\org\springframework\spring-test\5.0.4.RELEASE\spring-test-5.0.4.RELEASE.jar;C:\Users\sofice\.m2\repository\org\springframework\spring-web\5.0.4.RELEASE\spring-web-5.0.4.RELEASE.jar;C:\Users\sofice\.m2\repository\jstl\jstl\1.2\jstl-1.2.jar;C:\Users\sofice\.m2\repository\javax\servlet\javax.servlet-api\4.0.0\javax.servlet-api-4.0.0.jar;C:\Users\sofice\.m2\repository\org\springframework\spring-webmvc\5.0.4.RELEASE\spring-webmvc-5.0.4.RELEASE.jar;C:\Users\sofice\.m2\repository\mysql\mysql-connector-java\8.0.9-rc\mysql-connector-java-8.0.9-rc.jar;C:\Users\sofice\.m2\repository\com\alibaba\druid\1.1.9\druid-1.1.9.jar;C:\Users\sofice\.m2\repository\org\springframework\spring-jdbc\5.0.4.RELEASE\spring-jdbc-5.0.4.RELEASE.jar;C:\Users\sofice\.m2\repository\org\mybatis\mybatis\3.4.6\mybatis-3.4.6.jar;C:\Users\sofice\.m2\repository\org\mybatis\mybatis-spring\1.3.2\mybatis-spring-1.3.2.jar;C:\Users\sofice\.m2\repository\log4j\log4j\1.2.17\log4j-1.2.17.jar;C:\Users\sofice\.m2\repository\org\slf4j\slf4j-api\1.7.25\slf4j-api-1.7.25.jar;C:\Users\sofice\.m2\repository\org\slf4j\slf4j-log4j12\1.7.25\slf4j-log4j12-1.7.25.jar;C:\Users\sofice\.m2\repository\junit\junit\4.12\junit-4.12.jar;C:\Users\sofice\.m2\repository\org\hamcrest\hamcrest-core\1.3\hamcrest-core-1.3.jar;"/>
    <property name="sun.cpu.endian" value="little"/>
    <property name="user.home" value="C:\Users\sofice"/>
    <property name="user.language" value="zh"/>
    <property name="java.specification.vendor" value="Oracle Corporation"/>
    <property name="java.home" value="D:\ProgramFiles\Java\jdk1.8.0_281\jre"/>
    <property name="basedir" value="D:\Program\GitRepository\md_note\Java\Project\book"/>
    <property name="file.separator" value="\"/>
    <property name="line.separator" value="&#10;"/>
    <property name="java.vm.specification.vendor" value="Oracle Corporation"/>
    <property name="java.specification.name" value="Java Platform API Specification"/>
    <property name="java.awt.graphicsenv" value="sun.awt.Win32GraphicsEnvironment"/>
    <property name="surefire.real.class.path" value="C:\Users\sofice\AppData\Local\Temp\surefire1053442666822281725\surefirebooter1691491234977895484.jar"/>
    <property name="sun.boot.class.path" value="D:\ProgramFiles\Java\jdk1.8.0_281\jre\lib\resources.jar;D:\ProgramFiles\Java\jdk1.8.0_281\jre\lib\rt.jar;D:\ProgramFiles\Java\jdk1.8.0_281\jre\lib\sunrsasign.jar;D:\ProgramFiles\Java\jdk1.8.0_281\jre\lib\jsse.jar;D:\ProgramFiles\Java\jdk1.8.0_281\jre\lib\jce.jar;D:\ProgramFiles\Java\jdk1.8.0_281\jre\lib\charsets.jar;D:\ProgramFiles\Java\jdk1.8.0_281\jre\lib\jfr.jar;D:\ProgramFiles\Java\jdk1.8.0_281\jre\classes"/>
    <property name="user.script" value=""/>
    <property name="sun.management.compiler" value="HotSpot 64-Bit Tiered Compilers"/>
    <property name="java.runtime.version" value="1.8.0_281-b09"/>
    <property name="user.name" value="sofice"/>
    <property name="path.separator" value=";"/>
    <property name="os.version" value="10.0"/>
    <property name="java.endorsed.dirs" value="D:\ProgramFiles\Java\jdk1.8.0_281\jre\lib\endorsed"/>
    <property name="java.runtime.name" value="Java(TM) SE Runtime Environment"/>
    <property name="file.encoding" value="GBK"/>
    <property name="java.vm.name" value="Java HotSpot(TM) 64-Bit Server VM"/>
    <property name="idea.version2020.1" value="true"/>
    <property name="localRepository" value="C:\Users\sofice\.m2\repository"/>
    <property name="java.vendor.url.bug" value="http://bugreport.sun.com/bugreport/"/>
    <property name="java.io.tmpdir" value="C:\Users\sofice\AppData\Local\Temp\"/>
    <property name="java.version" value="1.8.0_281"/>
    <property name="user.dir" value="D:\Program\GitRepository\md_note\Java\Project\book"/>
    <property name="os.arch" value="amd64"/>
    <property name="java.vm.specification.name" value="Java Virtual Machine Specification"/>
    <property name="java.awt.printerjob" value="sun.awt.windows.WPrinterJob"/>
    <property name="sun.os.patch.level" value=""/>
    <property name="java.library.path" value="D:\ProgramFiles\Java\jdk1.8.0_281\jre\bin;C:\Windows\Sun\Java\bin;C:\Windows\system32;C:\Windows;D:\ProgramFiles\NVIDIA GPU Computing Toolkit\CUDA\v10.0\bin;D:\ProgramFiles\NVIDIA GPU Computing Toolkit\CUDA\v10.0\libnvvp;D:\ProgramFiles\Anaconda3;D:\ProgramFiles\Anaconda3\Library\mingw-w64\bin;D:\ProgramFiles\Anaconda3\Library\usr\bin;D:\ProgramFiles\Anaconda3\Library\bin;D:\ProgramFiles\Anaconda3\Scripts;D:\ProgramFiles\NVIDIA GPU Computing Toolkit\CUDA\v10.1\bin;D:\ProgramFiles\NVIDIA GPU Computing Toolkit\CUDA\v10.1\libnvvp;C:\Program Files (x86)\Common Files\Oracle\Java\javapath;C:\Windows\system32;C:\Windows;C:\Windows\System32\Wbem;C:\Windows\System32\WindowsPowerShell\v1.0\;C:\Windows\System32\OpenSSH\;D:\ProgramFiles\Git\cmd;D:\ProgramFiles\Java\jdk1.8.0_281\bin;C:\Program Files (x86)\NVIDIA Corporation\PhysX\Common;C:\Users\sofice\AppData\Local\Microsoft\WindowsApps;;D:\ProgramFiles\Microsoft VS Code\bin;D:\ProgramFiles\JAVA IDEA 2020.1\bin;;."/>
    <property name="java.vm.info" value="mixed mode"/>
    <property name="java.vendor" value="Oracle Corporation"/>
    <property name="java.vm.version" value="25.281-b09"/>
    <property name="java.ext.dirs" value="D:\ProgramFiles\Java\jdk1.8.0_281\jre\lib\ext;C:\Windows\Sun\Java\lib\ext"/>
    <property name="sun.io.unicode.encoding" value="UnicodeLittle"/>
    <property name="java.class.version" value="52.0"/>
  </properties>
  <testcase name="testFindAll" classname="com.ay.test.AyUserDaoTest" time="0.005">
    <error type="java.lang.NullPointerException">java.lang.NullPointerException
	at com.ay.test.AyUserDaoTest.testFindAll(AyUserDaoTest.java:29)
</error>
  </testcase>
</testsuite>